<?xml version="1.0" encoding="UTF-8"?>
<!-- Generated by org.testng.reporters.JUnitXMLReporter -->
<testsuite ignored="0" hostname="Siva" failures="1" tests="3" name="chrome test" time="14.303" errors="0" timestamp="2024-04-29T14:45:03 IST">
  <testcase classname="TestCases.TC_001_AccountRegistrationTest" name="verify_account_registration" time="4.718"/>
  <testcase classname="TestCases.TC_002_LoginTest" name="verify_Login" time="2.309"/>
  <testcase classname="TestCases.TC_003_LoginDDT" name="verify_LoginDDT" time="0.0">
    <failure type="org.testng.TestNGException" message="
Cannot inject @Test annotated Method [verify_LoginDDT] with [class java.lang.String, class java.lang.String, class java.lang.String].
For more information on native dependency injection please refer to https://testng.org/doc/documentation-main.html#native-dependency-injection">
      <![CDATA[org.testng.TestNGException: 
Cannot inject @Test annotated Method [verify_LoginDDT] with [class java.lang.String, class java.lang.String, class java.lang.String].
For more information on native dependency injection please refer to https://testng.org/doc/documentation-main.html#native-dependency-injection
at java.base/java.util.ArrayList.forEach(ArrayList.java:1511)
... Removed 26 stack frames]]>
    </failure>
  </testcase> <!-- verify_LoginDDT -->
</testsuite> <!-- chrome test -->
